2012-04-27T10:15:22+07:00 CRIT va day nay(2): exception 'Exception' with message 'keke' in /home/hungtd/www/cms/application/controllers/IndexController.php:47
Stack trace:
#0 /usr/share/php/libzend-framework-php/Zend/Controller/Action.php(516): IndexController->testAction()
#1 /usr/share/php/libzend-framework-php/Zend/Controller/Dispatcher/Standard.php(295): Zend_Controller_Action->dispatch('testAction')
#2 /usr/share/php/libzend-framework-php/Zend/Controller/Front.php(954): Zend_Controller_Dispatcher_Standard->dispatch(Object(Zend_Controller_Request_Http), Object(Zend_Controller_Response_Http))
#3 /usr/share/php/libzend-framework-php/Zend/Application/Bootstrap/Bootstrap.php(97): Zend_Controller_Front->dispatch()
#4 /usr/share/php/libzend-framework-php/Zend/Application.php(366): Zend_Application_Bootstrap_Bootstrap->run()
#5 /home/hungtd/www/cms/public/index.php(60): Zend_Application->run()
#6 {main}2012-04-27T10:16:56+07:00 CRIT va day nay(2): exception 'Exception' with message 'keke' in /home/hungtd/www/cms/application/controllers/IndexController.php:47
Stack trace:
#0 /usr/share/php/libzend-framework-php/Zend/Controller/Action.php(516): IndexController->testAction()
#1 /usr/share/php/libzend-framework-php/Zend/Controller/Dispatcher/Standard.php(295): Zend_Controller_Action->dispatch('testAction')
#2 /usr/share/php/libzend-framework-php/Zend/Controller/Front.php(954): Zend_Controller_Dispatcher_Standard->dispatch(Object(Zend_Controller_Request_Http), Object(Zend_Controller_Response_Http))
#3 /usr/share/php/libzend-framework-php/Zend/Application/Bootstrap/Bootstrap.php(97): Zend_Controller_Front->dispatch()
#4 /usr/share/php/libzend-framework-php/Zend/Application.php(366): Zend_Application_Bootstrap_Bootstrap->run()
#5 /home/hungtd/www/cms/public/index.php(60): Zend_Application->run()
#6 {main}2012-04-27T10:23:07+07:00 CRIT va day nay(2): exception 'Tmi_Spider_Yahoo_Exception' with message 'Please install php curl lib' in /home/hungtd/www/cms/library/Tmi/Spider/Yahoo/ServiceLocal.php:43
Stack trace:
#0 /home/hungtd/www/cms/application/controllers/IndexController.php(48): Tmi_Spider_Yahoo_ServiceLocal->downloadRawHtml()
#1 /usr/share/php/libzend-framework-php/Zend/Controller/Action.php(516): IndexController->testAction()
#2 /usr/share/php/libzend-framework-php/Zend/Controller/Dispatcher/Standard.php(295): Zend_Controller_Action->dispatch('testAction')
#3 /usr/share/php/libzend-framework-php/Zend/Controller/Front.php(954): Zend_Controller_Dispatcher_Standard->dispatch(Object(Zend_Controller_Request_Http), Object(Zend_Controller_Response_Http))
#4 /usr/share/php/libzend-framework-php/Zend/Application/Bootstrap/Bootstrap.php(97): Zend_Controller_Front->dispatch()
#5 /usr/share/php/libzend-framework-php/Zend/Application.php(366): Zend_Application_Bootstrap_Bootstrap->run()
#6 /home/hungtd/www/cms/public/index.php(60): Zend_Application->run()
#7 {main}2012-04-27T10:27:04+07:00 CRIT va day nay(2): exception 'Tmi_Spider_Yahoo_Exception' with message 'Please install php curl lib, And comment this line in production code to improve performance' in /home/hungtd/www/cms/library/Tmi/Spider/Yahoo/ServiceLocal.php:43
Stack trace:
#0 /home/hungtd/www/cms/application/controllers/IndexController.php(48): Tmi_Spider_Yahoo_ServiceLocal->downloadRawHtml()
#1 /usr/share/php/libzend-framework-php/Zend/Controller/Action.php(516): IndexController->testAction()
#2 /usr/share/php/libzend-framework-php/Zend/Controller/Dispatcher/Standard.php(295): Zend_Controller_Action->dispatch('testAction')
#3 /usr/share/php/libzend-framework-php/Zend/Controller/Front.php(954): Zend_Controller_Dispatcher_Standard->dispatch(Object(Zend_Controller_Request_Http), Object(Zend_Controller_Response_Http))
#4 /usr/share/php/libzend-framework-php/Zend/Application/Bootstrap/Bootstrap.php(97): Zend_Controller_Front->dispatch()
#5 /usr/share/php/libzend-framework-php/Zend/Application.php(366): Zend_Application_Bootstrap_Bootstrap->run()
#6 /home/hungtd/www/cms/public/index.php(60): Zend_Application->run()
#7 {main}2012-04-27T10:27:06+07:00 CRIT va day nay(2): exception 'Tmi_Spider_Yahoo_Exception' with message 'Please install php curl lib, And comment this line in production code to improve performance' in /home/hungtd/www/cms/library/Tmi/Spider/Yahoo/ServiceLocal.php:43
Stack trace:
#0 /home/hungtd/www/cms/application/controllers/IndexController.php(48): Tmi_Spider_Yahoo_ServiceLocal->downloadRawHtml()
#1 /usr/share/php/libzend-framework-php/Zend/Controller/Action.php(516): IndexController->testAction()
#2 /usr/share/php/libzend-framework-php/Zend/Controller/Dispatcher/Standard.php(295): Zend_Controller_Action->dispatch('testAction')
#3 /usr/share/php/libzend-framework-php/Zend/Controller/Front.php(954): Zend_Controller_Dispatcher_Standard->dispatch(Object(Zend_Controller_Request_Http), Object(Zend_Controller_Response_Http))
#4 /usr/share/php/libzend-framework-php/Zend/Application/Bootstrap/Bootstrap.php(97): Zend_Controller_Front->dispatch()
#5 /usr/share/php/libzend-framework-php/Zend/Application.php(366): Zend_Application_Bootstrap_Bootstrap->run()
#6 /home/hungtd/www/cms/public/index.php(60): Zend_Application->run()
#7 {main}2012-04-27T14:56:21+07:00 CRIT va day nay(2): exception 'Tmi_Spider_Urbanspoon_Exception' with message 'connect() timed out!' in /home/hungtd/www/cms/library/Tmi/Spider/Urbanspoon/Restaurant.php:56
Stack trace:
#0 /home/hungtd/www/cms/application/controllers/IndexController.php(43): Tmi_Spider_Urbanspoon_Restaurant->downloadRawHtml()
#1 /usr/share/php/libzend-framework-php/Zend/Controller/Action.php(516): IndexController->testAction()
#2 /usr/share/php/libzend-framework-php/Zend/Controller/Dispatcher/Standard.php(295): Zend_Controller_Action->dispatch('testAction')
#3 /usr/share/php/libzend-framework-php/Zend/Controller/Front.php(954): Zend_Controller_Dispatcher_Standard->dispatch(Object(Zend_Controller_Request_Http), Object(Zend_Controller_Response_Http))
#4 /usr/share/php/libzend-framework-php/Zend/Application/Bootstrap/Bootstrap.php(97): Zend_Controller_Front->dispatch()
#5 /usr/share/php/libzend-framework-php/Zend/Application.php(366): Zend_Application_Bootstrap_Bootstrap->run()
#6 /home/hungtd/www/cms/public/index.php(60): Zend_Application->run()
#7 {main}2012-04-27T15:07:17+07:00 CRIT va day nay(2): exception 'Tmi_Spider_Urbanspoon_Exception' with message 'couldn't connect to host' in /home/hungtd/www/cms/library/Tmi/Spider/Urbanspoon/Restaurant.php:56
Stack trace:
#0 /home/hungtd/www/cms/application/controllers/IndexController.php(43): Tmi_Spider_Urbanspoon_Restaurant->downloadRawHtml()
#1 /usr/share/php/libzend-framework-php/Zend/Controller/Action.php(516): IndexController->testAction()
#2 /usr/share/php/libzend-framework-php/Zend/Controller/Dispatcher/Standard.php(295): Zend_Controller_Action->dispatch('testAction')
#3 /usr/share/php/libzend-framework-php/Zend/Controller/Front.php(954): Zend_Controller_Dispatcher_Standard->dispatch(Object(Zend_Controller_Request_Http), Object(Zend_Controller_Response_Http))
#4 /usr/share/php/libzend-framework-php/Zend/Application/Bootstrap/Bootstrap.php(97): Zend_Controller_Front->dispatch()
#5 /usr/share/php/libzend-framework-php/Zend/Application.php(366): Zend_Application_Bootstrap_Bootstrap->run()
#6 /home/hungtd/www/cms/public/index.php(60): Zend_Application->run()
#7 {main}2012-04-27T15:08:54+07:00 CRIT va day nay(2): exception 'Tmi_Spider_Urbanspoon_Exception' with message 'connect() timed out!' in /home/hungtd/www/cms/library/Tmi/Spider/Urbanspoon/Restaurant.php:56
Stack trace:
#0 /home/hungtd/www/cms/application/controllers/IndexController.php(43): Tmi_Spider_Urbanspoon_Restaurant->downloadRawHtml()
#1 /usr/share/php/libzend-framework-php/Zend/Controller/Action.php(516): IndexController->testAction()
#2 /usr/share/php/libzend-framework-php/Zend/Controller/Dispatcher/Standard.php(295): Zend_Controller_Action->dispatch('testAction')
#3 /usr/share/php/libzend-framework-php/Zend/Controller/Front.php(954): Zend_Controller_Dispatcher_Standard->dispatch(Object(Zend_Controller_Request_Http), Object(Zend_Controller_Response_Http))
#4 /usr/share/php/libzend-framework-php/Zend/Application/Bootstrap/Bootstrap.php(97): Zend_Controller_Front->dispatch()
#5 /usr/share/php/libzend-framework-php/Zend/Application.php(366): Zend_Application_Bootstrap_Bootstrap->run()
#6 /home/hungtd/www/cms/public/index.php(60): Zend_Application->run()
#7 {main}2012-04-27T15:09:01+07:00 CRIT va day nay(2): exception 'Tmi_Spider_Urbanspoon_Exception' with message 'couldn't connect to host' in /home/hungtd/www/cms/library/Tmi/Spider/Urbanspoon/Restaurant.php:56
Stack trace:
#0 /home/hungtd/www/cms/application/controllers/IndexController.php(43): Tmi_Spider_Urbanspoon_Restaurant->downloadRawHtml()
#1 /usr/share/php/libzend-framework-php/Zend/Controller/Action.php(516): IndexController->testAction()
#2 /usr/share/php/libzend-framework-php/Zend/Controller/Dispatcher/Standard.php(295): Zend_Controller_Action->dispatch('testAction')
#3 /usr/share/php/libzend-framework-php/Zend/Controller/Front.php(954): Zend_Controller_Dispatcher_Standard->dispatch(Object(Zend_Controller_Request_Http), Object(Zend_Controller_Response_Http))
#4 /usr/share/php/libzend-framework-php/Zend/Application/Bootstrap/Bootstrap.php(97): Zend_Controller_Front->dispatch()
#5 /usr/share/php/libzend-framework-php/Zend/Application.php(366): Zend_Application_Bootstrap_Bootstrap->run()
#6 /home/hungtd/www/cms/public/index.php(60): Zend_Application->run()
#7 {main}2012-04-27T15:09:12+07:00 CRIT va day nay(2): exception 'Tmi_Spider_Urbanspoon_Exception' with message 'connect() timed out!' in /home/hungtd/www/cms/library/Tmi/Spider/Urbanspoon/Restaurant.php:56
Stack trace:
#0 /home/hungtd/www/cms/application/controllers/IndexController.php(43): Tmi_Spider_Urbanspoon_Restaurant->downloadRawHtml()
#1 /usr/share/php/libzend-framework-php/Zend/Controller/Action.php(516): IndexController->testAction()
#2 /usr/share/php/libzend-framework-php/Zend/Controller/Dispatcher/Standard.php(295): Zend_Controller_Action->dispatch('testAction')
#3 /usr/share/php/libzend-framework-php/Zend/Controller/Front.php(954): Zend_Controller_Dispatcher_Standard->dispatch(Object(Zend_Controller_Request_Http), Object(Zend_Controller_Response_Http))
#4 /usr/share/php/libzend-framework-php/Zend/Application/Bootstrap/Bootstrap.php(97): Zend_Controller_Front->dispatch()
#5 /usr/share/php/libzend-framework-php/Zend/Application.php(366): Zend_Application_Bootstrap_Bootstrap->run()
#6 /home/hungtd/www/cms/public/index.php(60): Zend_Application->run()
#7 {main}2012-04-27T15:30:36+07:00 CRIT va day nay(2): exception 'Tmi_Spider_Urbanspoon_Exception' with message 'couldn't connect to host' in /home/hungtd/www/cms/library/Tmi/Spider/Urbanspoon/Restaurant.php:56
Stack trace:
#0 /home/hungtd/www/cms/library/Tmi/Spider/Urbanspoon/Restaurant.php(70): Tmi_Spider_Urbanspoon_Restaurant->downloadRawHtml()
#1 /home/hungtd/www/cms/application/controllers/IndexController.php(43): Tmi_Spider_Urbanspoon_Restaurant->storeHtmlRawData()
#2 /usr/share/php/libzend-framework-php/Zend/Controller/Action.php(516): IndexController->testAction()
#3 /usr/share/php/libzend-framework-php/Zend/Controller/Dispatcher/Standard.php(295): Zend_Controller_Action->dispatch('testAction')
#4 /usr/share/php/libzend-framework-php/Zend/Controller/Front.php(954): Zend_Controller_Dispatcher_Standard->dispatch(Object(Zend_Controller_Request_Http), Object(Zend_Controller_Response_Http))
#5 /usr/share/php/libzend-framework-php/Zend/Application/Bootstrap/Bootstrap.php(97): Zend_Controller_Front->dispatch()
#6 /usr/share/php/libzend-framework-php/Zend/Application.php(366): Zend_Application_Bootstrap_Bootstrap->run()
#7 /home/hungtd/www/cms/public/index.php(60): Zend_Application->run()
#8 {main}2012-04-27T15:30:48+07:00 CRIT va day nay(2): exception 'Tmi_Spider_Urbanspoon_Exception' with message 'connect() timed out!' in /home/hungtd/www/cms/library/Tmi/Spider/Urbanspoon/Restaurant.php:56
Stack trace:
#0 /home/hungtd/www/cms/library/Tmi/Spider/Urbanspoon/Restaurant.php(70): Tmi_Spider_Urbanspoon_Restaurant->downloadRawHtml()
#1 /home/hungtd/www/cms/application/controllers/IndexController.php(43): Tmi_Spider_Urbanspoon_Restaurant->storeHtmlRawData()
#2 /usr/share/php/libzend-framework-php/Zend/Controller/Action.php(516): IndexController->testAction()
#3 /usr/share/php/libzend-framework-php/Zend/Controller/Dispatcher/Standard.php(295): Zend_Controller_Action->dispatch('testAction')
#4 /usr/share/php/libzend-framework-php/Zend/Controller/Front.php(954): Zend_Controller_Dispatcher_Standard->dispatch(Object(Zend_Controller_Request_Http), Object(Zend_Controller_Response_Http))
#5 /usr/share/php/libzend-framework-php/Zend/Application/Bootstrap/Bootstrap.php(97): Zend_Controller_Front->dispatch()
#6 /usr/share/php/libzend-framework-php/Zend/Application.php(366): Zend_Application_Bootstrap_Bootstrap->run()
#7 /home/hungtd/www/cms/public/index.php(60): Zend_Application->run()
#8 {main}2012-04-27T15:31:00+07:00 CRIT va day nay(2): exception 'Tmi_Spider_Urbanspoon_Exception' with message 'connect() timed out!' in /home/hungtd/www/cms/library/Tmi/Spider/Urbanspoon/Restaurant.php:56
Stack trace:
#0 /home/hungtd/www/cms/library/Tmi/Spider/Urbanspoon/Restaurant.php(70): Tmi_Spider_Urbanspoon_Restaurant->downloadRawHtml()
#1 /home/hungtd/www/cms/application/controllers/IndexController.php(43): Tmi_Spider_Urbanspoon_Restaurant->storeHtmlRawData()
#2 /usr/share/php/libzend-framework-php/Zend/Controller/Action.php(516): IndexController->testAction()
#3 /usr/share/php/libzend-framework-php/Zend/Controller/Dispatcher/Standard.php(295): Zend_Controller_Action->dispatch('testAction')
#4 /usr/share/php/libzend-framework-php/Zend/Controller/Front.php(954): Zend_Controller_Dispatcher_Standard->dispatch(Object(Zend_Controller_Request_Http), Object(Zend_Controller_Response_Http))
#5 /usr/share/php/libzend-framework-php/Zend/Application/Bootstrap/Bootstrap.php(97): Zend_Controller_Front->dispatch()
#6 /usr/share/php/libzend-framework-php/Zend/Application.php(366): Zend_Application_Bootstrap_Bootstrap->run()
#7 /home/hungtd/www/cms/public/index.php(60): Zend_Application->run()
#8 {main}2012-04-27T16:26:45+07:00 CRIT va day nay(2): exception 'Tmi_Spider_Urbanspoon_Exception' with message 'connect() timed out!' in /home/hungtd/www/cms/library/Tmi/Spider/Urbanspoon/Restaurant.php:56
Stack trace:
#0 /home/hungtd/www/cms/library/Tmi/Spider/Urbanspoon/Restaurant.php(69): Tmi_Spider_Urbanspoon_Restaurant->downloadRawHtml()
#1 /home/hungtd/www/cms/application/controllers/IndexController.php(43): Tmi_Spider_Urbanspoon_Restaurant->storeHtmlRawData()
#2 /usr/share/php/libzend-framework-php/Zend/Controller/Action.php(516): IndexController->testAction()
#3 /usr/share/php/libzend-framework-php/Zend/Controller/Dispatcher/Standard.php(295): Zend_Controller_Action->dispatch('testAction')
#4 /usr/share/php/libzend-framework-php/Zend/Controller/Front.php(954): Zend_Controller_Dispatcher_Standard->dispatch(Object(Zend_Controller_Request_Http), Object(Zend_Controller_Response_Http))
#5 /usr/share/php/libzend-framework-php/Zend/Application/Bootstrap/Bootstrap.php(97): Zend_Controller_Front->dispatch()
#6 /usr/share/php/libzend-framework-php/Zend/Application.php(366): Zend_Application_Bootstrap_Bootstrap->run()
#7 /home/hungtd/www/cms/public/index.php(60): Zend_Application->run()
#8 {main}2012-04-27T16:27:19+07:00 CRIT va day nay(2): exception 'Tmi_Spider_Urbanspoon_Exception' with message 'connect() timed out!' in /home/hungtd/www/cms/library/Tmi/Spider/Urbanspoon/Restaurant.php:56
Stack trace:
#0 /home/hungtd/www/cms/library/Tmi/Spider/Urbanspoon/Restaurant.php(69): Tmi_Spider_Urbanspoon_Restaurant->downloadRawHtml()
#1 /home/hungtd/www/cms/application/controllers/IndexController.php(43): Tmi_Spider_Urbanspoon_Restaurant->storeHtmlRawData()
#2 /usr/share/php/libzend-framework-php/Zend/Controller/Action.php(516): IndexController->testAction()
#3 /usr/share/php/libzend-framework-php/Zend/Controller/Dispatcher/Standard.php(295): Zend_Controller_Action->dispatch('testAction')
#4 /usr/share/php/libzend-framework-php/Zend/Controller/Front.php(954): Zend_Controller_Dispatcher_Standard->dispatch(Object(Zend_Controller_Request_Http), Object(Zend_Controller_Response_Http))
#5 /usr/share/php/libzend-framework-php/Zend/Application/Bootstrap/Bootstrap.php(97): Zend_Controller_Front->dispatch()
#6 /usr/share/php/libzend-framework-php/Zend/Application.php(366): Zend_Application_Bootstrap_Bootstrap->run()
#7 /home/hungtd/www/cms/public/index.php(60): Zend_Application->run()
#8 {main}2012-04-27T16:27:30+07:00 CRIT va day nay(2): exception 'Tmi_Spider_Urbanspoon_Exception' with message 'connect() timed out!' in /home/hungtd/www/cms/library/Tmi/Spider/Urbanspoon/Restaurant.php:56
Stack trace:
#0 /home/hungtd/www/cms/library/Tmi/Spider/Urbanspoon/Restaurant.php(69): Tmi_Spider_Urbanspoon_Restaurant->downloadRawHtml()
#1 /home/hungtd/www/cms/application/controllers/IndexController.php(43): Tmi_Spider_Urbanspoon_Restaurant->storeHtmlRawData()
#2 /usr/share/php/libzend-framework-php/Zend/Controller/Action.php(516): IndexController->testAction()
#3 /usr/share/php/libzend-framework-php/Zend/Controller/Dispatcher/Standard.php(295): Zend_Controller_Action->dispatch('testAction')
#4 /usr/share/php/libzend-framework-php/Zend/Controller/Front.php(954): Zend_Controller_Dispatcher_Standard->dispatch(Object(Zend_Controller_Request_Http), Object(Zend_Controller_Response_Http))
#5 /usr/share/php/libzend-framework-php/Zend/Application/Bootstrap/Bootstrap.php(97): Zend_Controller_Front->dispatch()
#6 /usr/share/php/libzend-framework-php/Zend/Application.php(366): Zend_Application_Bootstrap_Bootstrap->run()
#7 /home/hungtd/www/cms/public/index.php(60): Zend_Application->run()
#8 {main}2012-04-27T16:27:42+07:00 CRIT va day nay(2): exception 'Tmi_Spider_Urbanspoon_Exception' with message 'connect() timed out!' in /home/hungtd/www/cms/library/Tmi/Spider/Urbanspoon/Restaurant.php:56
Stack trace:
#0 /home/hungtd/www/cms/library/Tmi/Spider/Urbanspoon/Restaurant.php(69): Tmi_Spider_Urbanspoon_Restaurant->downloadRawHtml()
#1 /home/hungtd/www/cms/application/controllers/IndexController.php(43): Tmi_Spider_Urbanspoon_Restaurant->storeHtmlRawData()
#2 /usr/share/php/libzend-framework-php/Zend/Controller/Action.php(516): IndexController->testAction()
#3 /usr/share/php/libzend-framework-php/Zend/Controller/Dispatcher/Standard.php(295): Zend_Controller_Action->dispatch('testAction')
#4 /usr/share/php/libzend-framework-php/Zend/Controller/Front.php(954): Zend_Controller_Dispatcher_Standard->dispatch(Object(Zend_Controller_Request_Http), Object(Zend_Controller_Response_Http))
#5 /usr/share/php/libzend-framework-php/Zend/Application/Bootstrap/Bootstrap.php(97): Zend_Controller_Front->dispatch()
#6 /usr/share/php/libzend-framework-php/Zend/Application.php(366): Zend_Application_Bootstrap_Bootstrap->run()
#7 /home/hungtd/www/cms/public/index.php(60): Zend_Application->run()
#8 {main}2012-04-27T16:27:54+07:00 CRIT va day nay(2): exception 'Tmi_Spider_Urbanspoon_Exception' with message 'connect() timed out!' in /home/hungtd/www/cms/library/Tmi/Spider/Urbanspoon/Restaurant.php:56
Stack trace:
#0 /home/hungtd/www/cms/library/Tmi/Spider/Urbanspoon/Restaurant.php(69): Tmi_Spider_Urbanspoon_Restaurant->downloadRawHtml()
#1 /home/hungtd/www/cms/application/controllers/IndexController.php(43): Tmi_Spider_Urbanspoon_Restaurant->storeHtmlRawData()
#2 /usr/share/php/libzend-framework-php/Zend/Controller/Action.php(516): IndexController->testAction()
#3 /usr/share/php/libzend-framework-php/Zend/Controller/Dispatcher/Standard.php(295): Zend_Controller_Action->dispatch('testAction')
#4 /usr/share/php/libzend-framework-php/Zend/Controller/Front.php(954): Zend_Controller_Dispatcher_Standard->dispatch(Object(Zend_Controller_Request_Http), Object(Zend_Controller_Response_Http))
#5 /usr/share/php/libzend-framework-php/Zend/Application/Bootstrap/Bootstrap.php(97): Zend_Controller_Front->dispatch()
#6 /usr/share/php/libzend-framework-php/Zend/Application.php(366): Zend_Application_Bootstrap_Bootstrap->run()
#7 /home/hungtd/www/cms/public/index.php(60): Zend_Application->run()
#8 {main}2012-04-27T16:28:14+07:00 CRIT va day nay(2): exception 'Tmi_Spider_Urbanspoon_Exception' with message 'connect() timed out!' in /home/hungtd/www/cms/library/Tmi/Spider/Urbanspoon/Restaurant.php:56
Stack trace:
#0 /home/hungtd/www/cms/library/Tmi/Spider/Urbanspoon/Restaurant.php(69): Tmi_Spider_Urbanspoon_Restaurant->downloadRawHtml()
#1 /home/hungtd/www/cms/application/controllers/IndexController.php(43): Tmi_Spider_Urbanspoon_Restaurant->storeHtmlRawData()
#2 /usr/share/php/libzend-framework-php/Zend/Controller/Action.php(516): IndexController->testAction()
#3 /usr/share/php/libzend-framework-php/Zend/Controller/Dispatcher/Standard.php(295): Zend_Controller_Action->dispatch('testAction')
#4 /usr/share/php/libzend-framework-php/Zend/Controller/Front.php(954): Zend_Controller_Dispatcher_Standard->dispatch(Object(Zend_Controller_Request_Http), Object(Zend_Controller_Response_Http))
#5 /usr/share/php/libzend-framework-php/Zend/Application/Bootstrap/Bootstrap.php(97): Zend_Controller_Front->dispatch()
#6 /usr/share/php/libzend-framework-php/Zend/Application.php(366): Zend_Application_Bootstrap_Bootstrap->run()
#7 /home/hungtd/www/cms/public/index.php(60): Zend_Application->run()
#8 {main}2012-04-27T16:28:47+07:00 CRIT va day nay(2): exception 'Tmi_Spider_Urbanspoon_Exception' with message 'couldn't connect to host' in /home/hungtd/www/cms/library/Tmi/Spider/Urbanspoon/Restaurant.php:56
Stack trace:
#0 /home/hungtd/www/cms/library/Tmi/Spider/Urbanspoon/Restaurant.php(69): Tmi_Spider_Urbanspoon_Restaurant->downloadRawHtml()
#1 /home/hungtd/www/cms/application/controllers/IndexController.php(43): Tmi_Spider_Urbanspoon_Restaurant->storeHtmlRawData()
#2 /usr/share/php/libzend-framework-php/Zend/Controller/Action.php(516): IndexController->testAction()
#3 /usr/share/php/libzend-framework-php/Zend/Controller/Dispatcher/Standard.php(295): Zend_Controller_Action->dispatch('testAction')
#4 /usr/share/php/libzend-framework-php/Zend/Controller/Front.php(954): Zend_Controller_Dispatcher_Standard->dispatch(Object(Zend_Controller_Request_Http), Object(Zend_Controller_Response_Http))
#5 /usr/share/php/libzend-framework-php/Zend/Application/Bootstrap/Bootstrap.php(97): Zend_Controller_Front->dispatch()
#6 /usr/share/php/libzend-framework-php/Zend/Application.php(366): Zend_Application_Bootstrap_Bootstrap->run()
#7 /home/hungtd/www/cms/public/index.php(60): Zend_Application->run()
#8 {main}2012-04-27T16:28:59+07:00 CRIT va day nay(2): exception 'Tmi_Spider_Urbanspoon_Exception' with message 'connect() timed out!' in /home/hungtd/www/cms/library/Tmi/Spider/Urbanspoon/Restaurant.php:56
Stack trace:
#0 /home/hungtd/www/cms/library/Tmi/Spider/Urbanspoon/Restaurant.php(69): Tmi_Spider_Urbanspoon_Restaurant->downloadRawHtml()
#1 /home/hungtd/www/cms/application/controllers/IndexController.php(43): Tmi_Spider_Urbanspoon_Restaurant->storeHtmlRawData()
#2 /usr/share/php/libzend-framework-php/Zend/Controller/Action.php(516): IndexController->testAction()
#3 /usr/share/php/libzend-framework-php/Zend/Controller/Dispatcher/Standard.php(295): Zend_Controller_Action->dispatch('testAction')
#4 /usr/share/php/libzend-framework-php/Zend/Controller/Front.php(954): Zend_Controller_Dispatcher_Standard->dispatch(Object(Zend_Controller_Request_Http), Object(Zend_Controller_Response_Http))
#5 /usr/share/php/libzend-framework-php/Zend/Application/Bootstrap/Bootstrap.php(97): Zend_Controller_Front->dispatch()
#6 /usr/share/php/libzend-framework-php/Zend/Application.php(366): Zend_Application_Bootstrap_Bootstrap->run()
#7 /home/hungtd/www/cms/public/index.php(60): Zend_Application->run()
#8 {main}2012-04-27T16:29:31+07:00 CRIT va day nay(2): exception 'Tmi_Spider_Urbanspoon_Exception' with message 'couldn't connect to host' in /home/hungtd/www/cms/library/Tmi/Spider/Urbanspoon/Restaurant.php:56
Stack trace:
#0 /home/hungtd/www/cms/library/Tmi/Spider/Urbanspoon/Restaurant.php(69): Tmi_Spider_Urbanspoon_Restaurant->downloadRawHtml()
#1 /home/hungtd/www/cms/application/controllers/IndexController.php(43): Tmi_Spider_Urbanspoon_Restaurant->storeHtmlRawData()
#2 /usr/share/php/libzend-framework-php/Zend/Controller/Action.php(516): IndexController->testAction()
#3 /usr/share/php/libzend-framework-php/Zend/Controller/Dispatcher/Standard.php(295): Zend_Controller_Action->dispatch('testAction')
#4 /usr/share/php/libzend-framework-php/Zend/Controller/Front.php(954): Zend_Controller_Dispatcher_Standard->dispatch(Object(Zend_Controller_Request_Http), Object(Zend_Controller_Response_Http))
#5 /usr/share/php/libzend-framework-php/Zend/Application/Bootstrap/Bootstrap.php(97): Zend_Controller_Front->dispatch()
#6 /usr/share/php/libzend-framework-php/Zend/Application.php(366): Zend_Application_Bootstrap_Bootstrap->run()
#7 /home/hungtd/www/cms/public/index.php(60): Zend_Application->run()
#8 {main}2012-04-27T16:29:32+07:00 CRIT va day nay(2): exception 'Tmi_Spider_Urbanspoon_Exception' with message 'connect() timed out!' in /home/hungtd/www/cms/library/Tmi/Spider/Urbanspoon/Restaurant.php:56
Stack trace:
#0 /home/hungtd/www/cms/library/Tmi/Spider/Urbanspoon/Restaurant.php(69): Tmi_Spider_Urbanspoon_Restaurant->downloadRawHtml()
#1 /home/hungtd/www/cms/application/controllers/IndexController.php(43): Tmi_Spider_Urbanspoon_Restaurant->storeHtmlRawData()
#2 /usr/share/php/libzend-framework-php/Zend/Controller/Action.php(516): IndexController->testAction()
#3 /usr/share/php/libzend-framework-php/Zend/Controller/Dispatcher/Standard.php(295): Zend_Controller_Action->dispatch('testAction')
#4 /usr/share/php/libzend-framework-php/Zend/Controller/Front.php(954): Zend_Controller_Dispatcher_Standard->dispatch(Object(Zend_Controller_Request_Http), Object(Zend_Controller_Response_Http))
#5 /usr/share/php/libzend-framework-php/Zend/Application/Bootstrap/Bootstrap.php(97): Zend_Controller_Front->dispatch()
#6 /usr/share/php/libzend-framework-php/Zend/Application.php(366): Zend_Application_Bootstrap_Bootstrap->run()
#7 /home/hungtd/www/cms/public/index.php(60): Zend_Application->run()
#8 {main}2012-04-27T16:29:33+07:00 CRIT va day nay(2): exception 'Tmi_Spider_Urbanspoon_Exception' with message 'couldn't connect to host' in /home/hungtd/www/cms/library/Tmi/Spider/Urbanspoon/Restaurant.php:56
Stack trace:
#0 /home/hungtd/www/cms/library/Tmi/Spider/Urbanspoon/Restaurant.php(69): Tmi_Spider_Urbanspoon_Restaurant->downloadRawHtml()
#1 /home/hungtd/www/cms/application/controllers/IndexController.php(43): Tmi_Spider_Urbanspoon_Restaurant->storeHtmlRawData()
#2 /usr/share/php/libzend-framework-php/Zend/Controller/Action.php(516): IndexController->testAction()
#3 /usr/share/php/libzend-framework-php/Zend/Controller/Dispatcher/Standard.php(295): Zend_Controller_Action->dispatch('testAction')
#4 /usr/share/php/libzend-framework-php/Zend/Controller/Front.php(954): Zend_Controller_Dispatcher_Standard->dispatch(Object(Zend_Controller_Request_Http), Object(Zend_Controller_Response_Http))
#5 /usr/share/php/libzend-framework-php/Zend/Application/Bootstrap/Bootstrap.php(97): Zend_Controller_Front->dispatch()
#6 /usr/share/php/libzend-framework-php/Zend/Application.php(366): Zend_Application_Bootstrap_Bootstrap->run()
#7 /home/hungtd/www/cms/public/index.php(60): Zend_Application->run()
#8 {main}2012-04-27T16:29:45+07:00 CRIT va day nay(2): exception 'Tmi_Spider_Urbanspoon_Exception' with message 'connect() timed out!' in /home/hungtd/www/cms/library/Tmi/Spider/Urbanspoon/Restaurant.php:56
Stack trace:
#0 /home/hungtd/www/cms/library/Tmi/Spider/Urbanspoon/Restaurant.php(69): Tmi_Spider_Urbanspoon_Restaurant->downloadRawHtml()
#1 /home/hungtd/www/cms/application/controllers/IndexController.php(43): Tmi_Spider_Urbanspoon_Restaurant->storeHtmlRawData()
#2 /usr/share/php/libzend-framework-php/Zend/Controller/Action.php(516): IndexController->testAction()
#3 /usr/share/php/libzend-framework-php/Zend/Controller/Dispatcher/Standard.php(295): Zend_Controller_Action->dispatch('testAction')
#4 /usr/share/php/libzend-framework-php/Zend/Controller/Front.php(954): Zend_Controller_Dispatcher_Standard->dispatch(Object(Zend_Controller_Request_Http), Object(Zend_Controller_Response_Http))
#5 /usr/share/php/libzend-framework-php/Zend/Application/Bootstrap/Bootstrap.php(97): Zend_Controller_Front->dispatch()
#6 /usr/share/php/libzend-framework-php/Zend/Application.php(366): Zend_Application_Bootstrap_Bootstrap->run()
#7 /home/hungtd/www/cms/public/index.php(60): Zend_Application->run()
#8 {main}2012-04-27T16:32:16+07:00 CRIT va day nay(2): exception 'Tmi_Spider_Urbanspoon_Exception' with message 'couldn't connect to host' in /home/hungtd/www/cms/library/Tmi/Spider/Urbanspoon/Restaurant.php:56
Stack trace:
#0 /home/hungtd/www/cms/library/Tmi/Spider/Urbanspoon/Restaurant.php(69): Tmi_Spider_Urbanspoon_Restaurant->downloadRawHtml()
#1 /home/hungtd/www/cms/application/controllers/IndexController.php(43): Tmi_Spider_Urbanspoon_Restaurant->storeHtmlRawData()
#2 /usr/share/php/libzend-framework-php/Zend/Controller/Action.php(516): IndexController->testAction()
#3 /usr/share/php/libzend-framework-php/Zend/Controller/Dispatcher/Standard.php(295): Zend_Controller_Action->dispatch('testAction')
#4 /usr/share/php/libzend-framework-php/Zend/Controller/Front.php(954): Zend_Controller_Dispatcher_Standard->dispatch(Object(Zend_Controller_Request_Http), Object(Zend_Controller_Response_Http))
#5 /usr/share/php/libzend-framework-php/Zend/Application/Bootstrap/Bootstrap.php(97): Zend_Controller_Front->dispatch()
#6 /usr/share/php/libzend-framework-php/Zend/Application.php(366): Zend_Application_Bootstrap_Bootstrap->run()
#7 /home/hungtd/www/cms/public/index.php(60): Zend_Application->run()
#8 {main}2012-04-27T16:32:28+07:00 CRIT va day nay(2): exception 'Tmi_Spider_Urbanspoon_Exception' with message 'connect() timed out!' in /home/hungtd/www/cms/library/Tmi/Spider/Urbanspoon/Restaurant.php:56
Stack trace:
#0 /home/hungtd/www/cms/library/Tmi/Spider/Urbanspoon/Restaurant.php(69): Tmi_Spider_Urbanspoon_Restaurant->downloadRawHtml()
#1 /home/hungtd/www/cms/application/controllers/IndexController.php(43): Tmi_Spider_Urbanspoon_Restaurant->storeHtmlRawData()
#2 /usr/share/php/libzend-framework-php/Zend/Controller/Action.php(516): IndexController->testAction()
#3 /usr/share/php/libzend-framework-php/Zend/Controller/Dispatcher/Standard.php(295): Zend_Controller_Action->dispatch('testAction')
#4 /usr/share/php/libzend-framework-php/Zend/Controller/Front.php(954): Zend_Controller_Dispatcher_Standard->dispatch(Object(Zend_Controller_Request_Http), Object(Zend_Controller_Response_Http))
#5 /usr/share/php/libzend-framework-php/Zend/Application/Bootstrap/Bootstrap.php(97): Zend_Controller_Front->dispatch()
#6 /usr/share/php/libzend-framework-php/Zend/Application.php(366): Zend_Application_Bootstrap_Bootstrap->run()
#7 /home/hungtd/www/cms/public/index.php(60): Zend_Application->run()
#8 {main}2012-04-27T16:34:46+07:00 CRIT va day nay(2): exception 'Tmi_Spider_Urbanspoon_Exception' with message 'connect() timed out!' in /home/hungtd/www/cms/library/Tmi/Spider/Urbanspoon/Restaurant.php:56
Stack trace:
#0 /home/hungtd/www/cms/library/Tmi/Spider/Urbanspoon/Restaurant.php(69): Tmi_Spider_Urbanspoon_Restaurant->downloadRawHtml()
#1 /home/hungtd/www/cms/application/controllers/IndexController.php(43): Tmi_Spider_Urbanspoon_Restaurant->storeHtmlRawData()
#2 /usr/share/php/libzend-framework-php/Zend/Controller/Action.php(516): IndexController->testAction()
#3 /usr/share/php/libzend-framework-php/Zend/Controller/Dispatcher/Standard.php(295): Zend_Controller_Action->dispatch('testAction')
#4 /usr/share/php/libzend-framework-php/Zend/Controller/Front.php(954): Zend_Controller_Dispatcher_Standard->dispatch(Object(Zend_Controller_Request_Http), Object(Zend_Controller_Response_Http))
#5 /usr/share/php/libzend-framework-php/Zend/Application/Bootstrap/Bootstrap.php(97): Zend_Controller_Front->dispatch()
#6 /usr/share/php/libzend-framework-php/Zend/Application.php(366): Zend_Application_Bootstrap_Bootstrap->run()
#7 /home/hungtd/www/cms/public/index.php(60): Zend_Application->run()
#8 {main}2012-04-27T16:35:15+07:00 CRIT va day nay(2): exception 'Tmi_Spider_Urbanspoon_Exception' with message 'couldn't connect to host' in /home/hungtd/www/cms/library/Tmi/Spider/Urbanspoon/Restaurant.php:56
Stack trace:
#0 /home/hungtd/www/cms/library/Tmi/Spider/Urbanspoon/Restaurant.php(69): Tmi_Spider_Urbanspoon_Restaurant->downloadRawHtml()
#1 /home/hungtd/www/cms/application/controllers/IndexController.php(43): Tmi_Spider_Urbanspoon_Restaurant->storeHtmlRawData()
#2 /usr/share/php/libzend-framework-php/Zend/Controller/Action.php(516): IndexController->testAction()
#3 /usr/share/php/libzend-framework-php/Zend/Controller/Dispatcher/Standard.php(295): Zend_Controller_Action->dispatch('testAction')
#4 /usr/share/php/libzend-framework-php/Zend/Controller/Front.php(954): Zend_Controller_Dispatcher_Standard->dispatch(Object(Zend_Controller_Request_Http), Object(Zend_Controller_Response_Http))
#5 /usr/share/php/libzend-framework-php/Zend/Application/Bootstrap/Bootstrap.php(97): Zend_Controller_Front->dispatch()
#6 /usr/share/php/libzend-framework-php/Zend/Application.php(366): Zend_Application_Bootstrap_Bootstrap->run()
#7 /home/hungtd/www/cms/public/index.php(60): Zend_Application->run()
#8 {main}2012-04-27T16:35:17+07:00 CRIT va day nay(2): exception 'Tmi_Spider_Urbanspoon_Exception' with message 'couldn't connect to host' in /home/hungtd/www/cms/library/Tmi/Spider/Urbanspoon/Restaurant.php:56
Stack trace:
#0 /home/hungtd/www/cms/library/Tmi/Spider/Urbanspoon/Restaurant.php(69): Tmi_Spider_Urbanspoon_Restaurant->downloadRawHtml()
#1 /home/hungtd/www/cms/application/controllers/IndexController.php(43): Tmi_Spider_Urbanspoon_Restaurant->storeHtmlRawData()
#2 /usr/share/php/libzend-framework-php/Zend/Controller/Action.php(516): IndexController->testAction()
#3 /usr/share/php/libzend-framework-php/Zend/Controller/Dispatcher/Standard.php(295): Zend_Controller_Action->dispatch('testAction')
#4 /usr/share/php/libzend-framework-php/Zend/Controller/Front.php(954): Zend_Controller_Dispatcher_Standard->dispatch(Object(Zend_Controller_Request_Http), Object(Zend_Controller_Response_Http))
#5 /usr/share/php/libzend-framework-php/Zend/Application/Bootstrap/Bootstrap.php(97): Zend_Controller_Front->dispatch()
#6 /usr/share/php/libzend-framework-php/Zend/Application.php(366): Zend_Application_Bootstrap_Bootstrap->run()
#7 /home/hungtd/www/cms/public/index.php(60): Zend_Application->run()
#8 {main}2012-04-27T16:35:31+07:00 CRIT va day nay(2): exception 'Tmi_Spider_Urbanspoon_Exception' with message 'connect() timed out!' in /home/hungtd/www/cms/library/Tmi/Spider/Urbanspoon/Restaurant.php:56
Stack trace:
#0 /home/hungtd/www/cms/library/Tmi/Spider/Urbanspoon/Restaurant.php(69): Tmi_Spider_Urbanspoon_Restaurant->downloadRawHtml()
#1 /home/hungtd/www/cms/application/controllers/IndexController.php(43): Tmi_Spider_Urbanspoon_Restaurant->storeHtmlRawData()
#2 /usr/share/php/libzend-framework-php/Zend/Controller/Action.php(516): IndexController->testAction()
#3 /usr/share/php/libzend-framework-php/Zend/Controller/Dispatcher/Standard.php(295): Zend_Controller_Action->dispatch('testAction')
#4 /usr/share/php/libzend-framework-php/Zend/Controller/Front.php(954): Zend_Controller_Dispatcher_Standard->dispatch(Object(Zend_Controller_Request_Http), Object(Zend_Controller_Response_Http))
#5 /usr/share/php/libzend-framework-php/Zend/Application/Bootstrap/Bootstrap.php(97): Zend_Controller_Front->dispatch()
#6 /usr/share/php/libzend-framework-php/Zend/Application.php(366): Zend_Application_Bootstrap_Bootstrap->run()
#7 /home/hungtd/www/cms/public/index.php(60): Zend_Application->run()
#8 {main}2012-04-27T16:35:55+07:00 CRIT va day nay(2): exception 'Tmi_Spider_Urbanspoon_Exception' with message 'connect() timed out!' in /home/hungtd/www/cms/library/Tmi/Spider/Urbanspoon/Restaurant.php:56
Stack trace:
#0 /home/hungtd/www/cms/library/Tmi/Spider/Urbanspoon/Restaurant.php(69): Tmi_Spider_Urbanspoon_Restaurant->downloadRawHtml()
#1 /home/hungtd/www/cms/application/controllers/IndexController.php(43): Tmi_Spider_Urbanspoon_Restaurant->storeHtmlRawData()
#2 /usr/share/php/libzend-framework-php/Zend/Controller/Action.php(516): IndexController->testAction()
#3 /usr/share/php/libzend-framework-php/Zend/Controller/Dispatcher/Standard.php(295): Zend_Controller_Action->dispatch('testAction')
#4 /usr/share/php/libzend-framework-php/Zend/Controller/Front.php(954): Zend_Controller_Dispatcher_Standard->dispatch(Object(Zend_Controller_Request_Http), Object(Zend_Controller_Response_Http))
#5 /usr/share/php/libzend-framework-php/Zend/Application/Bootstrap/Bootstrap.php(97): Zend_Controller_Front->dispatch()
#6 /usr/share/php/libzend-framework-php/Zend/Application.php(366): Zend_Application_Bootstrap_Bootstrap->run()
#7 /home/hungtd/www/cms/public/index.php(60): Zend_Application->run()
#8 {main}2012-04-27T17:21:23+07:00 CRIT va day nay(2): exception 'Tmi_Spider_Urbanspoon_Exception' with message 'couldn't connect to host' in /home/hungtd/www/cms/library/Tmi/Spider/Urbanspoon/Restaurant.php:56
Stack trace:
#0 /home/hungtd/www/cms/library/Tmi/Spider/Urbanspoon/Restaurant.php(69): Tmi_Spider_Urbanspoon_Restaurant->downloadRawHtml()
#1 /home/hungtd/www/cms/application/controllers/IndexController.php(43): Tmi_Spider_Urbanspoon_Restaurant->storeHtmlRawData()
#2 /usr/share/php/libzend-framework-php/Zend/Controller/Action.php(516): IndexController->testAction()
#3 /usr/share/php/libzend-framework-php/Zend/Controller/Dispatcher/Standard.php(295): Zend_Controller_Action->dispatch('testAction')
#4 /usr/share/php/libzend-framework-php/Zend/Controller/Front.php(954): Zend_Controller_Dispatcher_Standard->dispatch(Object(Zend_Controller_Request_Http), Object(Zend_Controller_Response_Http))
#5 /usr/share/php/libzend-framework-php/Zend/Application/Bootstrap/Bootstrap.php(97): Zend_Controller_Front->dispatch()
#6 /usr/share/php/libzend-framework-php/Zend/Application.php(366): Zend_Application_Bootstrap_Bootstrap->run()
#7 /home/hungtd/www/cms/public/index.php(60): Zend_Application->run()
#8 {main}2012-04-27T17:21:25+07:00 CRIT va day nay(2): exception 'Tmi_Spider_Urbanspoon_Exception' with message 'couldn't connect to host' in /home/hungtd/www/cms/library/Tmi/Spider/Urbanspoon/Restaurant.php:56
Stack trace:
#0 /home/hungtd/www/cms/library/Tmi/Spider/Urbanspoon/Restaurant.php(69): Tmi_Spider_Urbanspoon_Restaurant->downloadRawHtml()
#1 /home/hungtd/www/cms/application/controllers/IndexController.php(43): Tmi_Spider_Urbanspoon_Restaurant->storeHtmlRawData()
#2 /usr/share/php/libzend-framework-php/Zend/Controller/Action.php(516): IndexController->testAction()
#3 /usr/share/php/libzend-framework-php/Zend/Controller/Dispatcher/Standard.php(295): Zend_Controller_Action->dispatch('testAction')
#4 /usr/share/php/libzend-framework-php/Zend/Controller/Front.php(954): Zend_Controller_Dispatcher_Standard->dispatch(Object(Zend_Controller_Request_Http), Object(Zend_Controller_Response_Http))
#5 /usr/share/php/libzend-framework-php/Zend/Application/Bootstrap/Bootstrap.php(97): Zend_Controller_Front->dispatch()
#6 /usr/share/php/libzend-framework-php/Zend/Application.php(366): Zend_Application_Bootstrap_Bootstrap->run()
#7 /home/hungtd/www/cms/public/index.php(60): Zend_Application->run()
#8 {main}2012-04-27T17:21:26+07:00 CRIT va day nay(2): exception 'Tmi_Spider_Urbanspoon_Exception' with message 'couldn't connect to host' in /home/hungtd/www/cms/library/Tmi/Spider/Urbanspoon/Restaurant.php:56
Stack trace:
#0 /home/hungtd/www/cms/library/Tmi/Spider/Urbanspoon/Restaurant.php(69): Tmi_Spider_Urbanspoon_Restaurant->downloadRawHtml()
#1 /home/hungtd/www/cms/application/controllers/IndexController.php(43): Tmi_Spider_Urbanspoon_Restaurant->storeHtmlRawData()
#2 /usr/share/php/libzend-framework-php/Zend/Controller/Action.php(516): IndexController->testAction()
#3 /usr/share/php/libzend-framework-php/Zend/Controller/Dispatcher/Standard.php(295): Zend_Controller_Action->dispatch('testAction')
#4 /usr/share/php/libzend-framework-php/Zend/Controller/Front.php(954): Zend_Controller_Dispatcher_Standard->dispatch(Object(Zend_Controller_Request_Http), Object(Zend_Controller_Response_Http))
#5 /usr/share/php/libzend-framework-php/Zend/Application/Bootstrap/Bootstrap.php(97): Zend_Controller_Front->dispatch()
#6 /usr/share/php/libzend-framework-php/Zend/Application.php(366): Zend_Application_Bootstrap_Bootstrap->run()
#7 /home/hungtd/www/cms/public/index.php(60): Zend_Application->run()
#8 {main}2012-04-27T17:21:27+07:00 CRIT va day nay(2): exception 'Tmi_Spider_Urbanspoon_Exception' with message 'couldn't connect to host' in /home/hungtd/www/cms/library/Tmi/Spider/Urbanspoon/Restaurant.php:56
Stack trace:
#0 /home/hungtd/www/cms/library/Tmi/Spider/Urbanspoon/Restaurant.php(69): Tmi_Spider_Urbanspoon_Restaurant->downloadRawHtml()
#1 /home/hungtd/www/cms/application/controllers/IndexController.php(43): Tmi_Spider_Urbanspoon_Restaurant->storeHtmlRawData()
#2 /usr/share/php/libzend-framework-php/Zend/Controller/Action.php(516): IndexController->testAction()
#3 /usr/share/php/libzend-framework-php/Zend/Controller/Dispatcher/Standard.php(295): Zend_Controller_Action->dispatch('testAction')
#4 /usr/share/php/libzend-framework-php/Zend/Controller/Front.php(954): Zend_Controller_Dispatcher_Standard->dispatch(Object(Zend_Controller_Request_Http), Object(Zend_Controller_Response_Http))
#5 /usr/share/php/libzend-framework-php/Zend/Application/Bootstrap/Bootstrap.php(97): Zend_Controller_Front->dispatch()
#6 /usr/share/php/libzend-framework-php/Zend/Application.php(366): Zend_Application_Bootstrap_Bootstrap->run()
#7 /home/hungtd/www/cms/public/index.php(60): Zend_Application->run()
#8 {main}2012-04-27T17:21:39+07:00 CRIT va day nay(2): exception 'Tmi_Spider_Urbanspoon_Exception' with message 'connect() timed out!' in /home/hungtd/www/cms/library/Tmi/Spider/Urbanspoon/Restaurant.php:56
Stack trace:
#0 /home/hungtd/www/cms/library/Tmi/Spider/Urbanspoon/Restaurant.php(69): Tmi_Spider_Urbanspoon_Restaurant->downloadRawHtml()
#1 /home/hungtd/www/cms/application/controllers/IndexController.php(43): Tmi_Spider_Urbanspoon_Restaurant->storeHtmlRawData()
#2 /usr/share/php/libzend-framework-php/Zend/Controller/Action.php(516): IndexController->testAction()
#3 /usr/share/php/libzend-framework-php/Zend/Controller/Dispatcher/Standard.php(295): Zend_Controller_Action->dispatch('testAction')
#4 /usr/share/php/libzend-framework-php/Zend/Controller/Front.php(954): Zend_Controller_Dispatcher_Standard->dispatch(Object(Zend_Controller_Request_Http), Object(Zend_Controller_Response_Http))
#5 /usr/share/php/libzend-framework-php/Zend/Application/Bootstrap/Bootstrap.php(97): Zend_Controller_Front->dispatch()
#6 /usr/share/php/libzend-framework-php/Zend/Application.php(366): Zend_Application_Bootstrap_Bootstrap->run()
#7 /home/hungtd/www/cms/public/index.php(60): Zend_Application->run()
#8 {main}2012-04-27T17:21:42+07:00 CRIT va day nay(2): exception 'Tmi_Spider_Urbanspoon_Exception' with message 'connect() timed out!' in /home/hungtd/www/cms/library/Tmi/Spider/Urbanspoon/Restaurant.php:56
Stack trace:
#0 /home/hungtd/www/cms/library/Tmi/Spider/Urbanspoon/Restaurant.php(69): Tmi_Spider_Urbanspoon_Restaurant->downloadRawHtml()
#1 /home/hungtd/www/cms/application/controllers/IndexController.php(43): Tmi_Spider_Urbanspoon_Restaurant->storeHtmlRawData()
#2 /usr/share/php/libzend-framework-php/Zend/Controller/Action.php(516): IndexController->testAction()
#3 /usr/share/php/libzend-framework-php/Zend/Controller/Dispatcher/Standard.php(295): Zend_Controller_Action->dispatch('testAction')
#4 /usr/share/php/libzend-framework-php/Zend/Controller/Front.php(954): Zend_Controller_Dispatcher_Standard->dispatch(Object(Zend_Controller_Request_Http), Object(Zend_Controller_Response_Http))
#5 /usr/share/php/libzend-framework-php/Zend/Application/Bootstrap/Bootstrap.php(97): Zend_Controller_Front->dispatch()
#6 /usr/share/php/libzend-framework-php/Zend/Application.php(366): Zend_Application_Bootstrap_Bootstrap->run()
#7 /home/hungtd/www/cms/public/index.php(60): Zend_Application->run()
#8 {main}2012-04-27T17:23:18+07:00 CRIT va day nay(2): exception 'Tmi_Spider_Urbanspoon_Exception' with message 'connect() timed out!' in /home/hungtd/www/cms/library/Tmi/Spider/Urbanspoon/Restaurant.php:56
Stack trace:
#0 /home/hungtd/www/cms/library/Tmi/Spider/Urbanspoon/Restaurant.php(69): Tmi_Spider_Urbanspoon_Restaurant->downloadRawHtml()
#1 /home/hungtd/www/cms/application/controllers/IndexController.php(43): Tmi_Spider_Urbanspoon_Restaurant->storeHtmlRawData()
#2 /usr/share/php/libzend-framework-php/Zend/Controller/Action.php(516): IndexController->testAction()
#3 /usr/share/php/libzend-framework-php/Zend/Controller/Dispatcher/Standard.php(295): Zend_Controller_Action->dispatch('testAction')
#4 /usr/share/php/libzend-framework-php/Zend/Controller/Front.php(954): Zend_Controller_Dispatcher_Standard->dispatch(Object(Zend_Controller_Request_Http), Object(Zend_Controller_Response_Http))
#5 /usr/share/php/libzend-framework-php/Zend/Application/Bootstrap/Bootstrap.php(97): Zend_Controller_Front->dispatch()
#6 /usr/share/php/libzend-framework-php/Zend/Application.php(366): Zend_Application_Bootstrap_Bootstrap->run()
#7 /home/hungtd/www/cms/public/index.php(60): Zend_Application->run()
#8 {main}2012-05-02T15:22:40+07:00 CRIT va day nay(2): exception 'Zend_Loader_PluginLoader_Exception' with message 'Plugin by name 'JQuery' was not found in the registry; used paths:
ZendX_JQuery_View_Helper_: ZendX/JQuery/View/Helper/
Zend_View_Helper_: Zend/View/Helper/:/home/hungtd/www/cms/application/views/helpers/' in /usr/share/php/libzend-framework-php/Zend/Loader/PluginLoader.php:412
Stack trace:
#0 /usr/share/php/libzend-framework-php/Zend/View/Abstract.php(1182): Zend_Loader_PluginLoader->load('JQuery')
#1 /usr/share/php/libzend-framework-php/Zend/View/Abstract.php(618): Zend_View_Abstract->_getPlugin('helper', 'jQuery')
#2 /usr/share/php/libzend-framework-php/Zend/View/Abstract.php(344): Zend_View_Abstract->getHelper('jQuery')
#3 /home/hungtd/www/cms/application/views/scripts/index/index.phtml(23): Zend_View_Abstract->__call('jQuery', Array)
#4 /home/hungtd/www/cms/application/views/scripts/index/index.phtml(23): Zend_View->jQuery()
#5 /usr/share/php/libzend-framework-php/Zend/View.php(108): include('/home/hungtd/ww...')
#6 /usr/share/php/libzend-framework-php/Zend/View/Abstract.php(888): Zend_View->_run('/home/hungtd/ww...')
#7 /usr/share/php/libzend-framework-php/Zend/Controller/Action/Helper/ViewRenderer.php(900): Zend_View_Abstract->render('index/index.pht...')
#8 /usr/share/php/libzend-framework-php/Zend/Controller/Action/Helper/ViewRenderer.php(921): Zend_Controller_Action_Helper_ViewRenderer->renderScript('index/index.pht...', NULL)
#9 /usr/share/php/libzend-framework-php/Zend/Controller/Action/Helper/ViewRenderer.php(960): Zend_Controller_Action_Helper_ViewRenderer->render()
#10 /usr/share/php/libzend-framework-php/Zend/Controller/Action/HelperBroker.php(277): Zend_Controller_Action_Helper_ViewRenderer->postDispatch()
#11 /usr/share/php/libzend-framework-php/Zend/Controller/Action.php(527): Zend_Controller_Action_HelperBroker->notifyPostDispatch()
#12 /usr/share/php/libzend-framework-php/Zend/Controller/Dispatcher/Standard.php(295): Zend_Controller_Action->dispatch('indexAction')
#13 /usr/share/php/libzend-framework-php/Zend/Controller/Front.php(954): Zend_Controller_Dispatcher_Standard->dispatch(Object(Zend_Controller_Request_Http), Object(Zend_Controller_Response_Http))
#14 /usr/share/php/libzend-framework-php/Zend/Application/Bootstrap/Bootstrap.php(97): Zend_Controller_Front->dispatch()
#15 /usr/share/php/libzend-framework-php/Zend/Application.php(366): Zend_Application_Bootstrap_Bootstrap->run()
#16 /home/hungtd/www/cms/public/index.php(60): Zend_Application->run()
#17 {main}2012-05-09T16:46:26+07:00 CRIT va day nay(2): exception 'Zend_Auth_Adapter_Exception' with message 'A value for the identity was not provided prior to authentication with Zend_Auth_Adapter_DbTable.' in /usr/share/php/libzend-framework-php/Zend/Auth/Adapter/DbTable.php:419
Stack trace:
#0 /usr/share/php/libzend-framework-php/Zend/Auth/Adapter/DbTable.php(367): Zend_Auth_Adapter_DbTable->_authenticateSetup()
#1 /usr/share/php/libzend-framework-php/Zend/Auth.php(117): Zend_Auth_Adapter_DbTable->authenticate()
#2 /home/guitar/www/cms/application/controllers/AuthController.php(33): Zend_Auth->authenticate(Object(Zend_Auth_Adapter_DbTable))
#3 /usr/share/php/libzend-framework-php/Zend/Controller/Action.php(516): AuthController->indexAction()
#4 /usr/share/php/libzend-framework-php/Zend/Controller/Dispatcher/Standard.php(295): Zend_Controller_Action->dispatch('indexAction')
#5 /usr/share/php/libzend-framework-php/Zend/Controller/Front.php(954): Zend_Controller_Dispatcher_Standard->dispatch(Object(Zend_Controller_Request_Http), Object(Zend_Controller_Response_Http))
#6 /usr/share/php/libzend-framework-php/Zend/Application/Bootstrap/Bootstrap.php(97): Zend_Controller_Front->dispatch()
#7 /usr/share/php/libzend-framework-php/Zend/Application.php(366): Zend_Application_Bootstrap_Bootstrap->run()
#8 /home/guitar/www/cms/public/index.php(60): Zend_Application->run()
#9 {main}2012-05-09T16:47:07+07:00 CRIT va day nay(2): exception 'Zend_Auth_Adapter_Exception' with message 'A value for the identity was not provided prior to authentication with Zend_Auth_Adapter_DbTable.' in /usr/share/php/libzend-framework-php/Zend/Auth/Adapter/DbTable.php:419
Stack trace:
#0 /usr/share/php/libzend-framework-php/Zend/Auth/Adapter/DbTable.php(367): Zend_Auth_Adapter_DbTable->_authenticateSetup()
#1 /usr/share/php/libzend-framework-php/Zend/Auth.php(117): Zend_Auth_Adapter_DbTable->authenticate()
#2 /home/guitar/www/cms/application/controllers/AuthController.php(33): Zend_Auth->authenticate(Object(Zend_Auth_Adapter_DbTable))
#3 /usr/share/php/libzend-framework-php/Zend/Controller/Action.php(516): AuthController->indexAction()
#4 /usr/share/php/libzend-framework-php/Zend/Controller/Dispatcher/Standard.php(295): Zend_Controller_Action->dispatch('indexAction')
#5 /usr/share/php/libzend-framework-php/Zend/Controller/Front.php(954): Zend_Controller_Dispatcher_Standard->dispatch(Object(Zend_Controller_Request_Http), Object(Zend_Controller_Response_Http))
#6 /usr/share/php/libzend-framework-php/Zend/Application/Bootstrap/Bootstrap.php(97): Zend_Controller_Front->dispatch()
#7 /usr/share/php/libzend-framework-php/Zend/Application.php(366): Zend_Application_Bootstrap_Bootstrap->run()
#8 /home/guitar/www/cms/public/index.php(60): Zend_Application->run()
#9 {main}2012-05-09T16:47:11+07:00 CRIT va day nay(2): exception 'Zend_Auth_Adapter_Exception' with message 'A value for the identity was not provided prior to authentication with Zend_Auth_Adapter_DbTable.' in /usr/share/php/libzend-framework-php/Zend/Auth/Adapter/DbTable.php:419
Stack trace:
#0 /usr/share/php/libzend-framework-php/Zend/Auth/Adapter/DbTable.php(367): Zend_Auth_Adapter_DbTable->_authenticateSetup()
#1 /usr/share/php/libzend-framework-php/Zend/Auth.php(117): Zend_Auth_Adapter_DbTable->authenticate()
#2 /home/guitar/www/cms/application/controllers/AuthController.php(33): Zend_Auth->authenticate(Object(Zend_Auth_Adapter_DbTable))
#3 /usr/share/php/libzend-framework-php/Zend/Controller/Action.php(516): AuthController->indexAction()
#4 /usr/share/php/libzend-framework-php/Zend/Controller/Dispatcher/Standard.php(295): Zend_Controller_Action->dispatch('indexAction')
#5 /usr/share/php/libzend-framework-php/Zend/Controller/Front.php(954): Zend_Controller_Dispatcher_Standard->dispatch(Object(Zend_Controller_Request_Http), Object(Zend_Controller_Response_Http))
#6 /usr/share/php/libzend-framework-php/Zend/Application/Bootstrap/Bootstrap.php(97): Zend_Controller_Front->dispatch()
#7 /usr/share/php/libzend-framework-php/Zend/Application.php(366): Zend_Application_Bootstrap_Bootstrap->run()
#8 /home/guitar/www/cms/public/index.php(60): Zend_Application->run()
#9 {main}2012-05-10T08:55:02+07:00 CRIT va day nay(2): exception 'Zend_Auth_Adapter_Exception' with message 'A value for the identity was not provided prior to authentication with Zend_Auth_Adapter_DbTable.' in /usr/share/php/libzend-framework-php/Zend/Auth/Adapter/DbTable.php:419
Stack trace:
#0 /usr/share/php/libzend-framework-php/Zend/Auth/Adapter/DbTable.php(367): Zend_Auth_Adapter_DbTable->_authenticateSetup()
#1 /usr/share/php/libzend-framework-php/Zend/Auth.php(117): Zend_Auth_Adapter_DbTable->authenticate()
#2 /home/guitar/www/cms/application/controllers/AuthController.php(33): Zend_Auth->authenticate(Object(Zend_Auth_Adapter_DbTable))
#3 /usr/share/php/libzend-framework-php/Zend/Controller/Action.php(516): AuthController->indexAction()
#4 /usr/share/php/libzend-framework-php/Zend/Controller/Dispatcher/Standard.php(295): Zend_Controller_Action->dispatch('indexAction')
#5 /usr/share/php/libzend-framework-php/Zend/Controller/Front.php(954): Zend_Controller_Dispatcher_Standard->dispatch(Object(Zend_Controller_Request_Http), Object(Zend_Controller_Response_Http))
#6 /usr/share/php/libzend-framework-php/Zend/Application/Bootstrap/Bootstrap.php(97): Zend_Controller_Front->dispatch()
#7 /usr/share/php/libzend-framework-php/Zend/Application.php(366): Zend_Application_Bootstrap_Bootstrap->run()
#8 /home/guitar/www/cms/public/index.php(60): Zend_Application->run()
#9 {main}2012-05-10T14:33:07+07:00 CRIT va day nay(2): exception 'Zend_Auth_Adapter_Exception' with message 'A value for the identity was not provided prior to authentication with Zend_Auth_Adapter_DbTable.' in /usr/share/php/libzend-framework-php/Zend/Auth/Adapter/DbTable.php:419
Stack trace:
#0 /usr/share/php/libzend-framework-php/Zend/Auth/Adapter/DbTable.php(367): Zend_Auth_Adapter_DbTable->_authenticateSetup()
#1 /usr/share/php/libzend-framework-php/Zend/Auth.php(117): Zend_Auth_Adapter_DbTable->authenticate()
#2 /home/guitar/www/cms/application/controllers/AuthController.php(33): Zend_Auth->authenticate(Object(Zend_Auth_Adapter_DbTable))
#3 /usr/share/php/libzend-framework-php/Zend/Controller/Action.php(516): AuthController->indexAction()
#4 /usr/share/php/libzend-framework-php/Zend/Controller/Dispatcher/Standard.php(295): Zend_Controller_Action->dispatch('indexAction')
#5 /usr/share/php/libzend-framework-php/Zend/Controller/Front.php(954): Zend_Controller_Dispatcher_Standard->dispatch(Object(Zend_Controller_Request_Http), Object(Zend_Controller_Response_Http))
#6 /usr/share/php/libzend-framework-php/Zend/Application/Bootstrap/Bootstrap.php(97): Zend_Controller_Front->dispatch()
#7 /usr/share/php/libzend-framework-php/Zend/Application.php(366): Zend_Application_Bootstrap_Bootstrap->run()
#8 /home/guitar/www/cms/public/index.php(60): Zend_Application->run()
#9 {main}2012-05-10T14:33:28+07:00 CRIT va day nay(2): exception 'Zend_Auth_Adapter_Exception' with message 'A value for the identity was not provided prior to authentication with Zend_Auth_Adapter_DbTable.' in /usr/share/php/libzend-framework-php/Zend/Auth/Adapter/DbTable.php:419
Stack trace:
#0 /usr/share/php/libzend-framework-php/Zend/Auth/Adapter/DbTable.php(367): Zend_Auth_Adapter_DbTable->_authenticateSetup()
#1 /usr/share/php/libzend-framework-php/Zend/Auth.php(117): Zend_Auth_Adapter_DbTable->authenticate()
#2 /home/guitar/www/cms/application/controllers/AuthController.php(33): Zend_Auth->authenticate(Object(Zend_Auth_Adapter_DbTable))
#3 /usr/share/php/libzend-framework-php/Zend/Controller/Action.php(516): AuthController->indexAction()
#4 /usr/share/php/libzend-framework-php/Zend/Controller/Dispatcher/Standard.php(295): Zend_Controller_Action->dispatch('indexAction')
#5 /usr/share/php/libzend-framework-php/Zend/Controller/Front.php(954): Zend_Controller_Dispatcher_Standard->dispatch(Object(Zend_Controller_Request_Http), Object(Zend_Controller_Response_Http))
#6 /usr/share/php/libzend-framework-php/Zend/Application/Bootstrap/Bootstrap.php(97): Zend_Controller_Front->dispatch()
#7 /usr/share/php/libzend-framework-php/Zend/Application.php(366): Zend_Application_Bootstrap_Bootstrap->run()
#8 /home/guitar/www/cms/public/index.php(60): Zend_Application->run()
#9 {main}